[debug] [2021-11-26T00:58:23.534Z] ----------------------------------------------------------------------
[debug] [2021-11-26T00:58:23.535Z] Command:       /usr/local/bin/node /usr/local/bin/firebase init
[debug] [2021-11-26T00:58:23.535Z] CLI Version:   9.16.0
[debug] [2021-11-26T00:58:23.535Z] Platform:      darwin
[debug] [2021-11-26T00:58:23.536Z] Node Version:  v14.16.1
[debug] [2021-11-26T00:58:23.538Z] Time:          Thu Nov 25 2021 19:58:23 GMT-0500 (Eastern Standard Time)
[debug] [2021-11-26T00:58:23.538Z] ----------------------------------------------------------------------
[debug] 
[debug] [2021-11-26T00:58:23.542Z] >>> [apiv2][query] GET https://firebase-public.firebaseio.com/cli.json [none]
[debug] [2021-11-26T00:58:23.560Z] > command requires scopes: ["email","openid","https://www.googleapis.com/auth/cloudplatformprojects.readonly","https://www.googleapis.com/auth/firebase","https://www.googleapis.com/auth/cloud-platform"]
[debug] [2021-11-26T00:58:23.560Z] > authorizing via signed-in user (alcantaradevelopment@gmail.com)
[info] 
     ######## #### ########  ######## ########     ###     ######  ########
     ##        ##  ##     ## ##       ##     ##  ##   ##  ##       ##
     ######    ##  ########  ######   ########  #########  ######  ######
     ##        ##  ##    ##  ##       ##     ## ##     ##       ## ##
     ##       #### ##     ## ######## ########  ##     ##  ######  ########

You're about to initialize a Firebase project in this directory:

  /Users/adamalcantara/Development/valcantara_react

[debug] [2021-11-26T00:58:23.934Z] <<< [apiv2][status] GET https://firebase-public.firebaseio.com/cli.json 200
[debug] [2021-11-26T00:58:23.935Z] <<< [apiv2][body] GET https://firebase-public.firebaseio.com/cli.json {"cloudBuildErrorAfter":1594252800000,"cloudBuildWarnAfter":1590019200000,"defaultNode10After":1594252800000,"minVersion":"3.0.5","node8DeploysDisabledAfter":1613390400000,"node8RuntimeDisabledAfter":1615809600000,"node8WarnAfter":1600128000000}
[debug] [2021-11-26T00:59:08.679Z] TypeError: Cannot read property 'setRawMode' of null
    at ReadStream.setRawMode (tty.js:75:28)
    at Interface._setRawMode (readline.js:298:16)
    at Interface.close (readline.js:421:10)
    at ReadStream.ontermend (readline.js:209:10)
    at ReadStream.emit (events.js:327:22)
    at ReadStream.EventEmitter.emit (domain.js:467:12)
    at endReadableNT (internal/streams/readable.js:1327:12)
    at processTicksAndRejections (internal/process/task_queues.js:80:21)
[error] 
[error] Error: An unexpected error has occurred.
[debug] [2021-11-26T00:59:08.683Z] Error: write EIO
    at afterWriteDispatched (internal/stream_base_commons.js:156:25)
    at writeGeneric (internal/stream_base_commons.js:147:3)
    at WriteStream.Socket._writeGeneric (net.js:785:11)
    at WriteStream.Socket._write (net.js:797:8)
    at writeOrBuffer (internal/streams/writable.js:358:12)
    at WriteStream.Writable.write (internal/streams/writable.js:303:10)
    at Console.log (/usr/local/lib/node_modules/firebase-tools/node_modules/winston/lib/winston/transports/console.js:79:23)
    at Console._write (/usr/local/lib/node_modules/firebase-tools/node_modules/winston-transport/index.js:103:17)
    at doWrite (/usr/local/lib/node_modules/firebase-tools/node_modules/winston-transport/node_modules/readable-stream/lib/_stream_writable.js:428:64)
    at writeOrBuffer (/usr/local/lib/node_modules/firebase-tools/node_modules/winston-transport/node_modules/readable-stream/lib/_stream_writable.js:417:5)
    at Console.Writable.write (/usr/local/lib/node_modules/firebase-tools/node_modules/winston-transport/node_modules/readable-stream/lib/_stream_writable.js:334:11)
    at DerivedLogger.ondata (/usr/local/lib/node_modules/firebase-tools/node_modules/readable-stream/lib/_stream_readable.js:681:20)
    at DerivedLogger.emit (events.js:327:22)
    at DerivedLogger.EventEmitter.emit (domain.js:467:12)
    at addChunk (/usr/local/lib/node_modules/firebase-tools/node_modules/readable-stream/lib/_stream_readable.js:298:12)
    at readableAddChunk (/usr/local/lib/node_modules/firebase-tools/node_modules/readable-stream/lib/_stream_readable.js:280:11)
[error] 
[error] Error: An unexpected error has occurred.
[debug] [2021-11-26T00:59:08.694Z] TypeError: Cannot read property 'setRawMode' of null
    at ReadStream.setRawMode (tty.js:75:28)
    at Interface._setRawMode (readline.js:298:16)
    at Interface.close (readline.js:421:10)
    at PromptUI.close (/usr/local/lib/node_modules/firebase-tools/node_modules/inquirer/lib/ui/baseUI.js:58:13)
    at PromptUI.onCompletion (/usr/local/lib/node_modules/firebase-tools/node_modules/inquirer/lib/ui/prompt.js:56:10)
    at processTicksAndRejections (internal/process/task_queues.js:93:5)
    at runNextTicks (internal/process/task_queues.js:62:3)
    at processImmediate (internal/timers.js:434:9)
    at async prompt (/usr/local/lib/node_modules/firebase-tools/lib/prompt.js:21:21)
[error] 
[error] Error: An unexpected error has occurred.
[debug] [2021-11-26T00:59:08.695Z] Error: write EIO
    at afterWriteDispatched (internal/stream_base_commons.js:156:25)
    at writeGeneric (internal/stream_base_commons.js:147:3)
    at WriteStream.Socket._writeGeneric (net.js:785:11)
    at WriteStream.Socket._write (net.js:797:8)
    at writeOrBuffer (internal/streams/writable.js:358:12)
    at WriteStream.Writable.write (internal/streams/writable.js:303:10)
    at Object.exports.show (/usr/local/lib/node_modules/firebase-tools/node_modules/cli-cursor/index.js:14:4)
    at CheckboxPrompt.onEnd (/usr/local/lib/node_modules/firebase-tools/node_modules/inquirer/lib/prompts/checkbox.js:130:15)
    at SafeSubscriber._next (/usr/local/lib/node_modules/firebase-tools/node_modules/rxjs/internal/Observable.js:66:21)
    at SafeSubscriber.__tryOrUnsub (/usr/local/lib/node_modules/firebase-tools/node_modules/rxjs/internal/Subscriber.js:205:16)
    at SafeSubscriber.next (/usr/local/lib/node_modules/firebase-tools/node_modules/rxjs/internal/Subscriber.js:143:22)
    at Subscriber._next (/usr/local/lib/node_modules/firebase-tools/node_modules/rxjs/internal/Subscriber.js:89:26)
    at Subscriber.next (/usr/local/lib/node_modules/firebase-tools/node_modules/rxjs/internal/Subscriber.js:66:18)
    at TakeSubscriber._next (/usr/local/lib/node_modules/firebase-tools/node_modules/rxjs/internal/operators/take.js:54:30)
    at TakeSubscriber.Subscriber.next (/usr/local/lib/node_modules/firebase-tools/node_modules/rxjs/internal/Subscriber.js:66:18)
    at FilterSubscriber._next (/usr/local/lib/node_modules/firebase-tools/node_modules/rxjs/internal/operators/filter.js:52:30)
[error] 
[error] Error: An unexpected error has occurred.
